-------------------------------------------------------------------------------
Test set: com.telecom.monaco.consumer.ConsumerApplicationTests
-------------------------------------------------------------------------------
Tests run: 1, Failures: 0, Errors: 1, Skipped: 0, Time elapsed: 3.836 s <<< FAILURE! - in com.telecom.monaco.consumer.ConsumerApplicationTests
com.telecom.monaco.consumer.ConsumerApplicationTests  Time elapsed: 3.834 s  <<< ERROR!
java.lang.IllegalStateException: Unable to find a @SpringBootConfiguration, you need to use @ContextConfiguration or @SpringBootTest(classes=...) with your test

