<?xml version="1.0" encoding="UTF-8"?>
<testsuite xmlns:xsi="http://www.w3.org/2001/XMLSchema-instance" xsi:noNamespaceSchemaLocation="https://maven.apache.org/surefire/maven-surefire-plugin/xsd/surefire-test-report.xsd" name="com.telecom.monaco.consumer.ConsumerApplicationTests" time="3.836" tests="1" errors="1" skipped="0" failures="0">
  <properties>
[...]
</properties>
  <testcase name="com.telecom.monaco.consumer.ConsumerApplicationTests" classname="com.telecom.monaco.consumer.ConsumerApplicationTests" time="3.834">
    <error message="Unable to find a @SpringBootConfiguration, you need to use @ContextConfiguration or @SpringBootTest(classes=...) with your test" type="java.lang.IllegalStateException">java.lang.IllegalStateException: Unable to find a @SpringBootConfiguration, you need to use @ContextConfiguration or @SpringBootTest(classes=...) with your test
</error>
    <system-out><![CDATA[16:51:19.975 [main] DEBUG org.springframework.test.context.BootstrapUtils - Instantiating CacheAwareContextLoaderDelegate from class [org.springframework.test.context.cache.DefaultCacheAwareContextLoaderDelegate]
16:51:20.004 [main] DEBUG org.springframework.test.context.BootstrapUtils - Instantiating BootstrapContext using constructor [public org.springframework.test.context.support.DefaultBootstrapContext(java.lang.Class,org.springframework.test.context.CacheAwareContextLoaderDelegate)]
16:51:20.091 [main] DEBUG org.springframework.test.context.BootstrapUtils - Instantiating TestContextBootstrapper for test class [com.telecom.monaco.consumer.ConsumerApplicationTests] from class [org.springframework.boot.test.context.SpringBootTestContextBootstrapper]
16:51:21.486 [main] INFO org.springframework.boot.test.context.SpringBootTestContextBootstrapper - Neither @ContextConfiguration nor @ContextHierarchy found for test class [com.telecom.monaco.consumer.ConsumerApplicationTests], using SpringBootContextLoader
16:51:21.514 [main] DEBUG org.springframework.test.context.support.AbstractContextLoader - Did not detect default resource location for test class [com.telecom.monaco.consumer.ConsumerApplicationTests]: class path resource [com/telecom/monaco/consumer/ConsumerApplicationTests-context.xml] does not exist
16:51:21.516 [main] DEBUG org.springframework.test.context.support.AbstractContextLoader - Did not detect default resource location for test class [com.telecom.monaco.consumer.ConsumerApplicationTests]: class path resource [com/telecom/monaco/consumer/ConsumerApplicationTestsContext.groovy] does not exist
16:51:21.516 [main] INFO org.springframework.test.context.support.AbstractContextLoader - Could not detect default resource locations for test class [com.telecom.monaco.consumer.ConsumerApplicationTests]: no resource found for suffixes {-context.xml, Context.groovy}.
16:51:21.517 [main] INFO org.springframework.test.context.support.AnnotationConfigContextLoaderUtils - Could not detect default configuration classes for test class [com.telecom.monaco.consumer.ConsumerApplicationTests]: ConsumerApplicationTests does not declare any static, non-private, non-final, nested classes annotated with @Configuration.
16:51:22.943 [main] DEBUG org.springframework.test.context.support.ActiveProfilesUtils - Could not find an 'annotation declaring class' for annotation type [org.springframework.test.context.ActiveProfiles] and class [com.telecom.monaco.consumer.ConsumerApplicationTests]
]]></system-out>
  </testcase>
</testsuite>